<?xml version="1.0" encoding="UTF-8"?>
<testng-results ignored="0" total="1" passed="1" failed="0" skipped="0">
  <reporter-output>
  </reporter-output>
  <suite started-at="2021-09-05T07:57:25Z" name="Default suite" finished-at="2021-09-05T07:57:42Z" duration-ms="16690">
    <groups>
    </groups>
    <test started-at="2021-09-05T07:57:25Z" name="Default test" finished-at="2021-09-05T07:57:42Z" duration-ms="16690">
      <class name="qaautomation.august2021.SwitchWindow">
        <test-method is-config="true" signature="createChromeDriver()[pri:0, instance:qaautomation.august2021.SwitchWindow@62e7f11d]" started-at="2021-09-05T07:57:25Z" name="createChromeDriver" finished-at="2021-09-05T07:57:35Z" duration-ms="10314" status="PASS">
          <reporter-output>
          </reporter-output>
        </test-method> <!-- createChromeDriver -->
        <test-method signature="testSwitchingWindow()[pri:0, instance:qaautomation.august2021.SwitchWindow@62e7f11d]" started-at="2021-09-05T07:57:35Z" name="testSwitchingWindow" finished-at="2021-09-05T07:57:41Z" duration-ms="5358" status="PASS">
          <reporter-output>
          </reporter-output>
        </test-method> <!-- testSwitchingWindow -->
        <test-method is-config="true" signature="quitChromeDriver()[pri:0, instance:qaautomation.august2021.SwitchWindow@62e7f11d]" started-at="2021-09-05T07:57:41Z" name="quitChromeDriver" finished-at="2021-09-05T07:57:42Z" duration-ms="977" status="PASS">
          <reporter-output>
          </reporter-output>
        </test-method> <!-- quitChromeDriver -->
      </class> <!-- qaautomation.august2021.SwitchWindow -->
    </test> <!-- Default test -->
  </suite> <!-- Default suite -->
</testng-results>
